<?xml version="1.0" encoding="UTF-8"?>
<!DOCTYPE coverage SYSTEM "http://cobertura.sourceforge.net/xml/coverage-04.dtd">
<coverage line-rate="0.74185692541857" branch-rate="0" lines-covered="4874" lines-valid="6570" branches-covered="0" branches-valid="0" complexity="2557" version="0.4" timestamp="1713921628">
  <sources>
    <source>/app/src</source>
  </sources>
  <packages>
    <package name="Building/Concerns/BuildImplements.php" line-rate="0.40909090909091" branch-rate="0" complexity="11">
      <classes>
        <class name="Playground\Stub\Building\Concerns\BuildImplements" filename="Building/Concerns/BuildImplements.php" line-rate="0.40909090909091" branch-rate="0" complexity="11">
          <methods>
            <method name="buildClass_implements" signature="" line-rate="0.40909090909091" branch-rate="0" complexity="11">
              <lines>
                <line number="16" hits="17"/>
                <line number="17" hits="0"/>
                <line number="20" hits="17"/>
                <line number="21" hits="17"/>
                <line number="23" hits="17"/>
                <line number="24" hits="17"/>
                <line number="25" hits="17"/>
                <line number="26" hits="0"/>
                <line number="27" hits="0"/>
                <line number="28" hits="0"/>
                <line number="29" hits="0"/>
                <line number="30" hits="0"/>
                <line number="31" hits="0"/>
                <line number="32" hits="0"/>
                <line number="33" hits="0"/>
                <line number="34" hits="0"/>
                <line number="36" hits="0"/>
                <line number="38" hits="0"/>
                <line number="47" hits="0"/>
                <line number="52" hits="17"/>
                <line number="53" hits="17"/>
                <line number="54" hits="17"/>
              </lines>
            </method>
          </methods>
          <lines>
            <line number="16" hits="17"/>
            <line number="17" hits="0"/>
            <line number="20" hits="17"/>
            <line number="21" hits="17"/>
            <line number="23" hits="17"/>
            <line number="24" hits="17"/>
            <line number="25" hits="17"/>
            <line number="26" hits="0"/>
            <line number="27" hits="0"/>
            <line number="28" hits="0"/>
            <line number="29" hits="0"/>
            <line number="30" hits="0"/>
            <line number="31" hits="0"/>
            <line number="32" hits="0"/>
            <line number="33" hits="0"/>
            <line number="34" hits="0"/>
            <line number="36" hits="0"/>
            <line number="38" hits="0"/>
            <line number="47" hits="0"/>
            <line number="52" hits="17"/>
            <line number="53" hits="17"/>
            <line number="54" hits="17"/>
          </lines>
        </class>
      </classes>
    </package>
    <package name="Building/Concerns/BuildModel.php" line-rate="0.73239436619718" branch-rate="0" complexity="27">
      <classes>
        <class name="Playground\Stub\Building\Concerns\BuildModel" filename="Building/Concerns/BuildModel.php" line-rate="0.73239436619718" branch-rate="0" complexity="27">
          <methods>
            <method name="buildClass_model" signature="string $name" line-rate="0.96296296296296" branch-rate="0" complexity="22">
              <lines>
                <line number="19" hits="41"/>
                <line number="20" hits="41"/>
                <line number="21" hits="41"/>
                <line number="22" hits="4"/>
                <line number="23" hits="4"/>
                <line number="24" hits="4"/>
                <line number="25" hits="4"/>
                <line number="26" hits="4"/>
                <line number="38" hits="41"/>
                <line number="39" hits="38"/>
                <line number="40" hits="38"/>
                <line number="43" hits="41"/>
                <line number="44" hits="4"/>
                <line number="47" hits="41"/>
                <line number="48" hits="28"/>
                <line number="51" hits="13"/>
                <line number="53" hits="13"/>
                <line number="54" hits="0"/>
                <line number="56" hits="13"/>
                <line number="59" hits="13"/>
                <line number="61" hits="13"/>
                <line number="62" hits="13"/>
                <line number="64" hits="13"/>
                <line number="66" hits="13"/>
                <line number="67" hits="13"/>
                <line number="69" hits="13"/>
                <line number="70" hits="13"/>
                <line number="71" hits="13"/>
                <line number="72" hits="13"/>
                <line number="73" hits="13"/>
                <line number="74" hits="13"/>
                <line number="76" hits="13"/>
                <line number="78" hits="13"/>
                <line number="79" hits="13"/>
                <line number="80" hits="13"/>
                <line number="83" hits="13"/>
                <line number="84" hits="13"/>
                <line number="85" hits="13"/>
                <line number="87" hits="13"/>
                <line number="88" hits="2"/>
                <line number="91" hits="13"/>
                <line number="92" hits="2"/>
                <line number="95" hits="13"/>
                <line number="96" hits="13"/>
                <line number="97" hits="13"/>
                <line number="98" hits="13"/>
                <line number="100" hits="13"/>
                <line number="101" hits="2"/>
                <line number="107" hits="13"/>
                <line number="108" hits="13"/>
                <line number="109" hits="0"/>
                <line number="111" hits="13"/>
                <line number="112" hits="13"/>
                <line number="114" hits="4"/>
              </lines>
            </method>
            <method name="buildClass_model_meta" signature="string $column, Playground\Stub\Configuration\Model $model" line-rate="0" branch-rate="0" complexity="5">
              <lines>
                <line number="132" hits="0"/>
                <line number="133" hits="0"/>
                <line number="136" hits="0"/>
                <line number="137" hits="0"/>
                <line number="138" hits="0"/>
                <line number="139" hits="0"/>
                <line number="140" hits="0"/>
                <line number="141" hits="0"/>
                <line number="142" hits="0"/>
                <line number="143" hits="0"/>
                <line number="145" hits="0"/>
                <line number="146" hits="0"/>
                <line number="148" hits="0"/>
                <line number="149" hits="0"/>
                <line number="150" hits="0"/>
                <line number="152" hits="0"/>
                <line number="156" hits="0"/>
              </lines>
            </method>
          </methods>
          <lines>
            <line number="19" hits="41"/>
            <line number="20" hits="41"/>
            <line number="21" hits="41"/>
            <line number="22" hits="4"/>
            <line number="23" hits="4"/>
            <line number="24" hits="4"/>
            <line number="25" hits="4"/>
            <line number="26" hits="4"/>
            <line number="38" hits="41"/>
            <line number="39" hits="38"/>
            <line number="40" hits="38"/>
            <line number="43" hits="41"/>
            <line number="44" hits="4"/>
            <line number="47" hits="41"/>
            <line number="48" hits="28"/>
            <line number="51" hits="13"/>
            <line number="53" hits="13"/>
            <line number="54" hits="0"/>
            <line number="56" hits="13"/>
            <line number="59" hits="13"/>
            <line number="61" hits="13"/>
            <line number="62" hits="13"/>
            <line number="64" hits="13"/>
            <line number="66" hits="13"/>
            <line number="67" hits="13"/>
            <line number="69" hits="13"/>
            <line number="70" hits="13"/>
            <line number="71" hits="13"/>
            <line number="72" hits="13"/>
            <line number="73" hits="13"/>
            <line number="74" hits="13"/>
            <line number="76" hits="13"/>
            <line number="78" hits="13"/>
            <line number="79" hits="13"/>
            <line number="80" hits="13"/>
            <line number="83" hits="13"/>
            <line number="84" hits="13"/>
            <line number="85" hits="13"/>
            <line number="87" hits="13"/>
            <line number="88" hits="2"/>
            <line number="91" hits="13"/>
            <line number="92" hits="2"/>
            <line number="95" hits="13"/>
            <line number="96" hits="13"/>
            <line number="97" hits="13"/>
            <line number="98" hits="13"/>
            <line number="100" hits="13"/>
            <line number="101" hits="2"/>
            <line number="107" hits="13"/>
            <line number="108" hits="13"/>
            <line number="109" hits="0"/>
            <line number="111" hits="13"/>
            <line number="112" hits="13"/>
            <line number="114" hits="4"/>
            <line number="132" hits="0"/>
            <line number="133" hits="0"/>
            <line number="136" hits="0"/>
            <line number="137" hits="0"/>
            <line number="138" hits="0"/>
            <line number="139" hits="0"/>
            <line number="140" hits="0"/>
            <line number="141" hits="0"/>
            <line number="142" hits="0"/>
            <line number="143" hits="0"/>
            <line number="145" hits="0"/>
            <line number="146" hits="0"/>
            <line number="148" hits="0"/>
            <line number="149" hits="0"/>
            <line number="150" hits="0"/>
            <line number="152" hits="0"/>
            <line number="156" hits="0"/>
          </lines>
        </class>
      </classes>
    </package>
    <package name="Building/Concerns/BuildUses.php" line-rate="0.6875" branch-rate="0" complexity="13">
      <classes>
        <class name="Playground\Stub\Building\Concerns\BuildUses" filename="Building/Concerns/BuildUses.php" line-rate="0.6875" branch-rate="0" complexity="13">
          <methods>
            <method name="buildClass_uses" signature="string $name" line-rate="0.7037037037037" branch-rate="0" complexity="9">
              <lines>
                <line number="16" hits="62"/>
                <line number="17" hits="0"/>
                <line number="20" hits="62"/>
                <line number="21" hits="62"/>
                <line number="22" hits="62"/>
                <line number="23" hits="62"/>
                <line number="25" hits="62"/>
                <line number="27" hits="62"/>
                <line number="28" hits="28"/>
                <line number="31" hits="62"/>
                <line number="32" hits="44"/>
                <line number="33" hits="0"/>
                <line number="34" hits="0"/>
                <line number="35" hits="0"/>
                <line number="36" hits="0"/>
                <line number="37" hits="0"/>
                <line number="38" hits="0"/>
                <line number="41" hits="44"/>
                <line number="42" hits="44"/>
                <line number="43" hits="44"/>
                <line number="44" hits="44"/>
                <line number="45" hits="44"/>
                <line number="46" hits="44"/>
                <line number="50" hits="62"/>
                <line number="51" hits="44"/>
                <line number="53" hits="62"/>
                <line number="54" hits="0"/>
              </lines>
            </method>
            <method name="buildClass_uses_add" signature="string $use, string $use_class" line-rate="0.6" branch-rate="0" complexity="4">
              <lines>
                <line number="60" hits="40"/>
                <line number="61" hits="40"/>
                <line number="62" hits="40"/>
                <line number="70" hits="0"/>
                <line number="71" hits="0"/>
              </lines>
            </method>
          </methods>
          <lines>
            <line number="16" hits="62"/>
            <line number="17" hits="0"/>
            <line number="20" hits="62"/>
            <line number="21" hits="62"/>
            <line number="22" hits="62"/>
            <line number="23" hits="62"/>
            <line number="25" hits="62"/>
            <line number="27" hits="62"/>
            <line number="28" hits="28"/>
            <line number="31" hits="62"/>
            <line number="32" hits="44"/>
            <line number="33" hits="0"/>
            <line number="34" hits="0"/>
            <line number="35" hits="0"/>
            <line number="36" hits="0"/>
            <line number="37" hits="0"/>
            <line number="38" hits="0"/>
            <line number="41" hits="44"/>
            <line number="42" hits="44"/>
            <line number="43" hits="44"/>
            <line number="44" hits="44"/>
            <line number="45" hits="44"/>
            <line number="46" hits="44"/>
            <line number="50" hits="62"/>
            <line number="51" hits="44"/>
            <line number="53" hits="62"/>
            <line number="54" hits="0"/>
            <line number="60" hits="40"/>
            <line number="61" hits="40"/>
            <line number="62" hits="40"/>
            <line number="70" hits="0"/>
            <line number="71" hits="0"/>
          </lines>
        </class>
      </classes>
    </package>
    <package name="Building/Controller/MakeCommands.php" line-rate="0" branch-rate="0" complexity="30">
      <classes>
        <class name="Playground\Stub\Building\Controller\MakeCommands" filename="Building/Controller/MakeCommands.php" line-rate="0" branch-rate="0" complexity="30">
          <methods>
            <method name="handle_policies" signature="array $policies" line-rate="0" branch-rate="0" complexity="7">
              <lines>
                <line number="19" hits="0"/>
                <line number="20" hits="0"/>
                <line number="21" hits="0"/>
                <line number="23" hits="0"/>
                <line number="24" hits="0"/>
                <line number="27" hits="0"/>
                <line number="29" hits="0"/>
                <line number="30" hits="0"/>
                <line number="32" hits="0"/>
                <line number="33" hits="0"/>
                <line number="37" hits="0"/>
                <line number="38" hits="0"/>
                <line number="39" hits="0"/>
              </lines>
            </method>
            <method name="handle_requests" signature="array $requests" line-rate="0" branch-rate="0" complexity="9">
              <lines>
                <line number="53" hits="0"/>
                <line number="54" hits="0"/>
                <line number="55" hits="0"/>
                <line number="57" hits="0"/>
                <line number="58" hits="0"/>
                <line number="61" hits="0"/>
                <line number="63" hits="0"/>
                <line number="64" hits="0"/>
                <line number="66" hits="0"/>
                <line number="67" hits="0"/>
                <line number="71" hits="0"/>
                <line number="72" hits="0"/>
                <line number="73" hits="0"/>
                <line number="74" hits="0"/>
              </lines>
            </method>
            <method name="handle_resources" signature="array $resources" line-rate="0" branch-rate="0" complexity="7">
              <lines>
                <line number="84" hits="0"/>
                <line number="85" hits="0"/>
                <line number="86" hits="0"/>
                <line number="88" hits="0"/>
                <line number="89" hits="0"/>
                <line number="92" hits="0"/>
                <line number="94" hits="0"/>
                <line number="95" hits="0"/>
                <line number="97" hits="0"/>
                <line number="98" hits="0"/>
                <line number="102" hits="0"/>
                <line number="103" hits="0"/>
                <line number="104" hits="0"/>
              </lines>
            </method>
            <method name="handle_transformers" signature="array $transformers" line-rate="0" branch-rate="0" complexity="7">
              <lines>
                <line number="113" hits="0"/>
                <line number="114" hits="0"/>
                <line number="115" hits="0"/>
                <line number="117" hits="0"/>
                <line number="118" hits="0"/>
                <line number="121" hits="0"/>
                <line number="123" hits="0"/>
                <line number="124" hits="0"/>
                <line number="126" hits="0"/>
                <line number="127" hits="0"/>
                <line number="131" hits="0"/>
                <line number="132" hits="0"/>
                <line number="133" hits="0"/>
              </lines>
            </method>
          </methods>
          <lines>
            <line number="19" hits="0"/>
            <line number="20" hits="0"/>
            <line number="21" hits="0"/>
            <line number="23" hits="0"/>
            <line number="24" hits="0"/>
            <line number="27" hits="0"/>
            <line number="29" hits="0"/>
            <line number="30" hits="0"/>
            <line number="32" hits="0"/>
            <line number="33" hits="0"/>
            <line number="37" hits="0"/>
            <line number="38" hits="0"/>
            <line number="39" hits="0"/>
            <line number="53" hits="0"/>
            <line number="54" hits="0"/>
            <line number="55" hits="0"/>
            <line number="57" hits="0"/>
            <line number="58" hits="0"/>
            <line number="61" hits="0"/>
            <line number="63" hits="0"/>
            <line number="64" hits="0"/>
            <line number="66" hits="0"/>
            <line number="67" hits="0"/>
            <line number="71" hits="0"/>
            <line number="72" hits="0"/>
            <line number="73" hits="0"/>
            <line number="74" hits="0"/>
            <line number="84" hits="0"/>
            <line number="85" hits="0"/>
            <line number="86" hits="0"/>
            <line number="88" hits="0"/>
            <line number="89" hits="0"/>
            <line number="92" hits="0"/>
            <line number="94" hits="0"/>
            <line number="95" hits="0"/>
            <line number="97" hits="0"/>
            <line number="98" hits="0"/>
            <line number="102" hits="0"/>
            <line number="103" hits="0"/>
            <line number="104" hits="0"/>
            <line number="113" hits="0"/>
            <line number="114" hits="0"/>
            <line number="115" hits="0"/>
            <line number="117" hits="0"/>
            <line number="118" hits="0"/>
            <line number="121" hits="0"/>
            <line number="123" hits="0"/>
            <line number="124" hits="0"/>
            <line number="126" hits="0"/>
            <line number="127" hits="0"/>
            <line number="131" hits="0"/>
            <line number="132" hits="0"/>
            <line number="133" hits="0"/>
          </lines>
        </class>
      </classes>
    </package>
    <package name="Building/Controller/Skeletons/BuildPolicies.php" line-rate="0.76271186440678" branch-rate="0" complexity="10">
      <classes>
        <class name="Playground\Stub\Building\Controller\Skeletons\BuildPolicies" filename="Building/Controller/Skeletons/BuildPolicies.php" line-rate="0.76271186440678" branch-rate="0" complexity="10">
          <methods>
            <method name="skeleton_policy" signature="string $type" line-rate="0.76271186440678" branch-rate="0" complexity="10">
              <lines>
                <line number="18" hits="2"/>
                <line number="19" hits="2"/>
                <line number="20" hits="2"/>
                <line number="22" hits="2"/>
                <line number="23" hits="2"/>
                <line number="24" hits="2"/>
                <line number="25" hits="2"/>
                <line number="26" hits="2"/>
                <line number="27" hits="2"/>
                <line number="28" hits="2"/>
                <line number="29" hits="2"/>
                <line number="30" hits="2"/>
                <line number="31" hits="2"/>
                <line number="32" hits="2"/>
                <line number="33" hits="2"/>
                <line number="35" hits="2"/>
                <line number="36" hits="1"/>
                <line number="39" hits="2"/>
                <line number="40" hits="2"/>
                <line number="41" hits="2"/>
                <line number="42" hits="1"/>
                <line number="43" hits="1"/>
                <line number="44" hits="1"/>
                <line number="45" hits="1"/>
                <line number="46" hits="1"/>
                <line number="47" hits="1"/>
                <line number="48" hits="1"/>
                <line number="49" hits="1"/>
                <line number="50" hits="1"/>
                <line number="51" hits="1"/>
                <line number="52" hits="1"/>
                <line number="53" hits="1"/>
                <line number="54" hits="1"/>
                <line number="55" hits="1"/>
                <line number="56" hits="1"/>
                <line number="57" hits="0"/>
                <line number="58" hits="0"/>
                <line number="59" hits="0"/>
                <line number="60" hits="0"/>
                <line number="61" hits="0"/>
                <line number="62" hits="0"/>
                <line number="63" hits="0"/>
                <line number="64" hits="0"/>
                <line number="65" hits="0"/>
                <line number="66" hits="0"/>
                <line number="67" hits="0"/>
                <line number="68" hits="0"/>
                <line number="69" hits="0"/>
                <line number="70" hits="0"/>
                <line number="73" hits="2"/>
                <line number="75" hits="2"/>
                <line number="77" hits="2"/>
                <line number="78" hits="2"/>
                <line number="79" hits="2"/>
                <line number="80" hits="2"/>
                <line number="81" hits="2"/>
                <line number="82" hits="2"/>
                <line number="92" hits="2"/>
                <line number="93" hits="2"/>
              </lines>
            </method>
          </methods>
          <lines>
            <line number="18" hits="2"/>
            <line number="19" hits="2"/>
            <line number="20" hits="2"/>
            <line number="22" hits="2"/>
            <line number="23" hits="2"/>
            <line number="24" hits="2"/>
            <line number="25" hits="2"/>
            <line number="26" hits="2"/>
            <line number="27" hits="2"/>
            <line number="28" hits="2"/>
            <line number="29" hits="2"/>
            <line number="30" hits="2"/>
            <line number="31" hits="2"/>
            <line number="32" hits="2"/>
            <line number="33" hits="2"/>
            <line number="35" hits="2"/>
            <line number="36" hits="1"/>
            <line number="39" hits="2"/>
            <line number="40" hits="2"/>
            <line number="41" hits="2"/>
            <line number="42" hits="1"/>
            <line number="43" hits="1"/>
            <line number="44" hits="1"/>
            <line number="45" hits="1"/>
            <line number="46" hits="1"/>
            <line number="47" hits="1"/>
            <line number="48" hits="1"/>
            <line number="49" hits="1"/>
            <line number="50" hits="1"/>
            <line number="51" hits="1"/>
            <line number="52" hits="1"/>
            <line number="53" hits="1"/>
            <line number="54" hits="1"/>
            <line number="55" hits="1"/>
            <line number="56" hits="1"/>
            <line number="57" hits="0"/>
            <line number="58" hits="0"/>
            <line number="59" hits="0"/>
            <line number="60" hits="0"/>
            <line number="61" hits="0"/>
            <line number="62" hits="0"/>
            <line number="63" hits="0"/>
            <line number="64" hits="0"/>
            <line number="65" hits="0"/>
            <line number="66" hits="0"/>
            <line number="67" hits="0"/>
            <line number="68" hits="0"/>
            <line number="69" hits="0"/>
            <line number="70" hits="0"/>
            <line number="73" hits="2"/>
            <line number="75" hits="2"/>
            <line number="77" hits="2"/>
            <line number="78" hits="2"/>
            <line number="79" hits="2"/>
            <line number="80" hits="2"/>
            <line number="81" hits="2"/>
            <line number="82" hits="2"/>
            <line number="92" hits="2"/>
            <line number="93" hits="2"/>
          </lines>
        </class>
      </classes>
    </package>
    <package name="Building/Controller/Skeletons/BuildRequests.php" line-rate="0.50526315789474" branch-rate="0" complexity="22">
      <classes>
        <class name="Playground\Stub\Building\Controller\Skeletons\BuildRequests" filename="Building/Controller/Skeletons/BuildRequests.php" line-rate="0.50526315789474" branch-rate="0" complexity="22">
          <methods>
            <method name="skeleton_requests" signature="string $type" line-rate="0.49189189189189" branch-rate="0" complexity="20">
              <lines>
                <line number="18" hits="2"/>
                <line number="20" hits="2"/>
                <line number="21" hits="2"/>
                <line number="22" hits="2"/>
                <line number="23" hits="2"/>
                <line number="24" hits="2"/>
                <line number="25" hits="2"/>
                <line number="26" hits="2"/>
                <line number="28" hits="2"/>
                <line number="30" hits="2"/>
                <line number="31" hits="0"/>
                <line number="32" hits="0"/>
                <line number="33" hits="0"/>
                <line number="34" hits="0"/>
                <line number="35" hits="0"/>
                <line number="36" hits="0"/>
                <line number="37" hits="0"/>
                <line number="38" hits="0"/>
                <line number="39" hits="0"/>
                <line number="40" hits="0"/>
                <line number="41" hits="0"/>
                <line number="42" hits="0"/>
                <line number="43" hits="0"/>
                <line number="44" hits="0"/>
                <line number="45" hits="0"/>
                <line number="46" hits="0"/>
                <line number="47" hits="0"/>
                <line number="48" hits="0"/>
                <line number="49" hits="0"/>
                <line number="50" hits="0"/>
                <line number="51" hits="0"/>
                <line number="52" hits="0"/>
                <line number="53" hits="0"/>
                <line number="54" hits="0"/>
                <line number="55" hits="2"/>
                <line number="57" hits="0"/>
                <line number="59" hits="0"/>
                <line number="62" hits="0"/>
                <line number="63" hits="0"/>
                <line number="64" hits="0"/>
                <line number="65" hits="0"/>
                <line number="66" hits="0"/>
                <line number="67" hits="0"/>
                <line number="68" hits="0"/>
                <line number="69" hits="0"/>
                <line number="70" hits="0"/>
                <line number="71" hits="0"/>
                <line number="72" hits="0"/>
                <line number="73" hits="0"/>
                <line number="74" hits="0"/>
                <line number="75" hits="0"/>
                <line number="76" hits="0"/>
                <line number="77" hits="0"/>
                <line number="78" hits="0"/>
                <line number="79" hits="0"/>
                <line number="80" hits="0"/>
                <line number="81" hits="0"/>
                <line number="82" hits="0"/>
                <line number="83" hits="0"/>
                <line number="84" hits="0"/>
                <line number="85" hits="0"/>
                <line number="86" hits="0"/>
                <line number="87" hits="0"/>
                <line number="88" hits="0"/>
                <line number="89" hits="0"/>
                <line number="90" hits="0"/>
                <line number="91" hits="0"/>
                <line number="92" hits="0"/>
                <line number="93" hits="0"/>
                <line number="94" hits="0"/>
                <line number="95" hits="0"/>
                <line number="96" hits="0"/>
                <line number="97" hits="2"/>
                <line number="99" hits="1"/>
                <line number="101" hits="1"/>
                <line number="104" hits="1"/>
                <line number="105" hits="1"/>
                <line number="106" hits="1"/>
                <line number="107" hits="1"/>
                <line number="108" hits="1"/>
                <line number="109" hits="1"/>
                <line number="110" hits="1"/>
                <line number="111" hits="1"/>
                <line number="112" hits="1"/>
                <line number="113" hits="1"/>
                <line number="114" hits="1"/>
                <line number="115" hits="1"/>
                <line number="116" hits="1"/>
                <line number="117" hits="1"/>
                <line number="118" hits="1"/>
                <line number="119" hits="1"/>
                <line number="120" hits="1"/>
                <line number="121" hits="1"/>
                <line number="122" hits="1"/>
                <line number="123" hits="1"/>
                <line number="124" hits="1"/>
                <line number="125" hits="1"/>
                <line number="126" hits="1"/>
                <line number="127" hits="1"/>
                <line number="128" hits="1"/>
                <line number="129" hits="1"/>
                <line number="130" hits="1"/>
                <line number="131" hits="1"/>
                <line number="132" hits="1"/>
                <line number="133" hits="1"/>
                <line number="134" hits="1"/>
                <line number="135" hits="1"/>
                <line number="136" hits="1"/>
                <line number="137" hits="1"/>
                <line number="138" hits="1"/>
                <line number="139" hits="1"/>
                <line number="140" hits="1"/>
                <line number="141" hits="1"/>
                <line number="142" hits="1"/>
                <line number="143" hits="1"/>
                <line number="144" hits="1"/>
                <line number="145" hits="1"/>
                <line number="146" hits="1"/>
                <line number="147" hits="1"/>
                <line number="148" hits="0"/>
                <line number="149" hits="0"/>
                <line number="150" hits="0"/>
                <line number="151" hits="0"/>
                <line number="152" hits="0"/>
                <line number="153" hits="0"/>
                <line number="154" hits="0"/>
                <line number="155" hits="0"/>
                <line number="156" hits="0"/>
                <line number="157" hits="0"/>
                <line number="158" hits="0"/>
                <line number="159" hits="0"/>
                <line number="160" hits="0"/>
                <line number="161" hits="0"/>
                <line number="162" hits="0"/>
                <line number="163" hits="0"/>
                <line number="164" hits="0"/>
                <line number="165" hits="0"/>
                <line number="166" hits="0"/>
                <line number="167" hits="0"/>
                <line number="168" hits="0"/>
                <line number="169" hits="0"/>
                <line number="170" hits="0"/>
                <line number="171" hits="0"/>
                <line number="172" hits="0"/>
                <line number="173" hits="0"/>
                <line number="174" hits="0"/>
                <line number="175" hits="0"/>
                <line number="176" hits="0"/>
                <line number="177" hits="0"/>
                <line number="178" hits="0"/>
                <line number="179" hits="0"/>
                <line number="181" hits="1"/>
                <line number="182" hits="1"/>
                <line number="183" hits="1"/>
                <line number="184" hits="1"/>
                <line number="185" hits="1"/>
                <line number="186" hits="1"/>
                <line number="189" hits="2"/>
                <line number="190" hits="2"/>
                <line number="191" hits="2"/>
                <line number="193" hits="2"/>
                <line number="194" hits="2"/>
                <line number="196" hits="2"/>
                <line number="197" hits="2"/>
                <line number="199" hits="2"/>
                <line number="200" hits="2"/>
                <line number="202" hits="2"/>
                <line number="203" hits="1"/>
                <line number="205" hits="2"/>
                <line number="206" hits="1"/>
                <line number="208" hits="2"/>
                <line number="209" hits="0"/>
                <line number="211" hits="2"/>
                <line number="212" hits="2"/>
                <line number="216" hits="2"/>
                <line number="221" hits="2"/>
                <line number="223" hits="2"/>
                <line number="226" hits="2"/>
                <line number="227" hits="2"/>
                <line number="228" hits="2"/>
                <line number="229" hits="2"/>
                <line number="230" hits="2"/>
                <line number="231" hits="2"/>
                <line number="243" hits="2"/>
                <line number="244" hits="2"/>
              </lines>
            </method>
            <method name="getConfigurationFilename_for_request" signature="string $name, string $type" line-rate="1" branch-rate="0" complexity="2">
              <lines>
                <line number="256" hits="2"/>
                <line number="257" hits="2"/>
                <line number="258" hits="2"/>
                <line number="259" hits="2"/>
                <line number="260" hits="2"/>
              </lines>
            </method>
          </methods>
          <lines>
            <line number="18" hits="2"/>
            <line number="20" hits="2"/>
            <line number="21" hits="2"/>
            <line number="22" hits="2"/>
            <line number="23" hits="2"/>
            <line number="24" hits="2"/>
            <line number="25" hits="2"/>
            <line number="26" hits="2"/>
            <line number="28" hits="2"/>
            <line number="30" hits="2"/>
            <line number="31" hits="0"/>
            <line number="32" hits="0"/>
            <line number="33" hits="0"/>
            <line number="34" hits="0"/>
            <line number="35" hits="0"/>
            <line number="36" hits="0"/>
            <line number="37" hits="0"/>
            <line number="38" hits="0"/>
            <line number="39" hits="0"/>
            <line number="40" hits="0"/>
            <line number="41" hits="0"/>
            <line number="42" hits="0"/>
            <line number="43" hits="0"/>
            <line number="44" hits="0"/>
            <line number="45" hits="0"/>
            <line number="46" hits="0"/>
            <line number="47" hits="0"/>
            <line number="48" hits="0"/>
            <line number="49" hits="0"/>
            <line number="50" hits="0"/>
            <line number="51" hits="0"/>
            <line number="52" hits="0"/>
            <line number="53" hits="0"/>
            <line number="54" hits="0"/>
            <line number="55" hits="2"/>
            <line number="57" hits="0"/>
            <line number="59" hits="0"/>
            <line number="62" hits="0"/>
            <line number="63" hits="0"/>
            <line number="64" hits="0"/>
            <line number="65" hits="0"/>
            <line number="66" hits="0"/>
            <line number="67" hits="0"/>
            <line number="68" hits="0"/>
            <line number="69" hits="0"/>
            <line number="70" hits="0"/>
            <line number="71" hits="0"/>
            <line number="72" hits="0"/>
            <line number="73" hits="0"/>
            <line number="74" hits="0"/>
            <line number="75" hits="0"/>
            <line number="76" hits="0"/>
            <line number="77" hits="0"/>
            <line number="78" hits="0"/>
            <line number="79" hits="0"/>
            <line number="80" hits="0"/>
            <line number="81" hits="0"/>
            <line number="82" hits="0"/>
            <line number="83" hits="0"/>
            <line number="84" hits="0"/>
            <line number="85" hits="0"/>
            <line number="86" hits="0"/>
            <line number="87" hits="0"/>
            <line number="88" hits="0"/>
            <line number="89" hits="0"/>
            <line number="90" hits="0"/>
            <line number="91" hits="0"/>
            <line number="92" hits="0"/>
            <line number="93" hits="0"/>
            <line number="94" hits="0"/>
            <line number="95" hits="0"/>
            <line number="96" hits="0"/>
            <line number="97" hits="2"/>
            <line number="99" hits="1"/>
            <line number="101" hits="1"/>
            <line number="104" hits="1"/>
            <line number="105" hits="1"/>
            <line number="106" hits="1"/>
            <line number="107" hits="1"/>
            <line number="108" hits="1"/>
            <line number="109" hits="1"/>
            <line number="110" hits="1"/>
            <line number="111" hits="1"/>
            <line number="112" hits="1"/>
            <line number="113" hits="1"/>
            <line number="114" hits="1"/>
            <line number="115" hits="1"/>
            <line number="116" hits="1"/>
            <line number="117" hits="1"/>
            <line number="118" hits="1"/>
            <line number="119" hits="1"/>
            <line number="120" hits="1"/>
            <line number="121" hits="1"/>
            <line number="122" hits="1"/>
            <line number="123" hits="1"/>
            <line number="124" hits="1"/>
            <line number="125" hits="1"/>
            <line number="126" hits="1"/>
            <line number="127" hits="1"/>
            <line number="128" hits="1"/>
            <line number="129" hits="1"/>
            <line number="130" hits="1"/>
            <line number="131" hits="1"/>
            <line number="132" hits="1"/>
            <line number="133" hits="1"/>
            <line number="134" hits="1"/>
            <line number="135" hits="1"/>
            <line number="136" hits="1"/>
            <line number="137" hits="1"/>
            <line number="138" hits="1"/>
            <line number="139" hits="1"/>
            <line number="140" hits="1"/>
            <line number="141" hits="1"/>
            <line number="142" hits="1"/>
            <line number="143" hits="1"/>
            <line number="144" hits="1"/>
            <line number="145" hits="1"/>
            <line number="146" hits="1"/>
            <line number="147" hits="1"/>
            <line number="148" hits="0"/>
            <line number="149" hits="0"/>
            <line number="150" hits="0"/>
            <line number="151" hits="0"/>
            <line number="152" hits="0"/>
            <line number="153" hits="0"/>
            <line number="154" hits="0"/>
            <line number="155" hits="0"/>
            <line number="156" hits="0"/>
            <line number="157" hits="0"/>
            <line number="158" hits="0"/>
            <line number="159" hits="0"/>
            <line number="160" hits="0"/>
            <line number="161" hits="0"/>
            <line number="162" hits="0"/>
            <line number="163" hits="0"/>
            <line number="164" hits="0"/>
            <line number="165" hits="0"/>
            <line number="166" hits="0"/>
            <line number="167" hits="0"/>
            <line number="168" hits="0"/>
            <line number="169" hits="0"/>
            <line number="170" hits="0"/>
            <line number="171" hits="0"/>
            <line number="172" hits="0"/>
            <line number="173" hits="0"/>
            <line number="174" hits="0"/>
            <line number="175" hits="0"/>
            <line number="176" hits="0"/>
            <line number="177" hits="0"/>
            <line number="178" hits="0"/>
            <line number="179" hits="0"/>
            <line number="181" hits="1"/>
            <line number="182" hits="1"/>
            <line number="183" hits="1"/>
            <line number="184" hits="1"/>
            <line number="185" hits="1"/>
            <line number="186" hits="1"/>
            <line number="189" hits="2"/>
            <line number="190" hits="2"/>
            <line number="191" hits="2"/>
            <line number="193" hits="2"/>
            <line number="194" hits="2"/>
            <line number="196" hits="2"/>
            <line number="197" hits="2"/>
            <line number="199" hits="2"/>
            <line number="200" hits="2"/>
            <line number="202" hits="2"/>
            <line number="203" hits="1"/>
            <line number="205" hits="2"/>
            <line number="206" hits="1"/>
            <line number="208" hits="2"/>
            <line number="209" hits="0"/>
            <line number="211" hits="2"/>
            <line number="212" hits="2"/>
            <line number="216" hits="2"/>
            <line number="221" hits="2"/>
            <line number="223" hits="2"/>
            <line number="226" hits="2"/>
            <line number="227" hits="2"/>
            <line number="228" hits="2"/>
            <line number="229" hits="2"/>
            <line number="230" hits="2"/>
            <line number="231" hits="2"/>
            <line number="243" hits="2"/>
            <line number="244" hits="2"/>
            <line number="256" hits="2"/>
            <line number="257" hits="2"/>
            <line number="258" hits="2"/>
            <line number="259" hits="2"/>
            <line number="260" hits="2"/>
          </lines>
        </class>
      </classes>
    </package>
    <package name="Building/Controller/Skeletons/BuildResources.php" line-rate="0.81034482758621" branch-rate="0" complexity="15">
      <classes>
        <class name="Playground\Stub\Building\Controller\Skeletons\BuildResources" filename="Building/Controller/Skeletons/BuildResources.php" line-rate="0.81034482758621" branch-rate="0" complexity="15">
          <methods>
            <method name="skeleton_resources" signature="string $type" line-rate="0.81034482758621" branch-rate="0" complexity="15">
              <lines>
                <line number="18" hits="2"/>
                <line number="24" hits="2"/>
                <line number="25" hits="2"/>
                <line number="29" hits="2"/>
                <line number="30" hits="2"/>
                <line number="31" hits="2"/>
                <line number="32" hits="2"/>
                <line number="33" hits="2"/>
                <line number="34" hits="2"/>
                <line number="36" hits="2"/>
                <line number="37" hits="0"/>
                <line number="38" hits="0"/>
                <line number="39" hits="0"/>
                <line number="40" hits="0"/>
                <line number="41" hits="0"/>
                <line number="42" hits="0"/>
                <line number="43" hits="0"/>
                <line number="44" hits="0"/>
                <line number="45" hits="0"/>
                <line number="46" hits="0"/>
                <line number="47" hits="2"/>
                <line number="48" hits="1"/>
                <line number="49" hits="1"/>
                <line number="50" hits="1"/>
                <line number="51" hits="1"/>
                <line number="52" hits="1"/>
                <line number="53" hits="1"/>
                <line number="54" hits="1"/>
                <line number="55" hits="1"/>
                <line number="56" hits="1"/>
                <line number="57" hits="1"/>
                <line number="65" hits="2"/>
                <line number="71" hits="1"/>
                <line number="72" hits="1"/>
                <line number="74" hits="1"/>
                <line number="75" hits="1"/>
                <line number="77" hits="1"/>
                <line number="78" hits="1"/>
                <line number="80" hits="1"/>
                <line number="81" hits="1"/>
                <line number="83" hits="1"/>
                <line number="84" hits="1"/>
                <line number="86" hits="1"/>
                <line number="87" hits="1"/>
                <line number="89" hits="1"/>
                <line number="90" hits="0"/>
                <line number="92" hits="1"/>
                <line number="93" hits="1"/>
                <line number="102" hits="1"/>
                <line number="104" hits="1"/>
                <line number="107" hits="1"/>
                <line number="108" hits="1"/>
                <line number="109" hits="1"/>
                <line number="110" hits="1"/>
                <line number="111" hits="1"/>
                <line number="112" hits="1"/>
                <line number="122" hits="1"/>
                <line number="123" hits="1"/>
              </lines>
            </method>
          </methods>
          <lines>
            <line number="18" hits="2"/>
            <line number="24" hits="2"/>
            <line number="25" hits="2"/>
            <line number="29" hits="2"/>
            <line number="30" hits="2"/>
            <line number="31" hits="2"/>
            <line number="32" hits="2"/>
            <line number="33" hits="2"/>
            <line number="34" hits="2"/>
            <line number="36" hits="2"/>
            <line number="37" hits="0"/>
            <line number="38" hits="0"/>
            <line number="39" hits="0"/>
            <line number="40" hits="0"/>
            <line number="41" hits="0"/>
            <line number="42" hits="0"/>
            <line number="43" hits="0"/>
            <line number="44" hits="0"/>
            <line number="45" hits="0"/>
            <line number="46" hits="0"/>
            <line number="47" hits="2"/>
            <line number="48" hits="1"/>
            <line number="49" hits="1"/>
            <line number="50" hits="1"/>
            <line number="51" hits="1"/>
            <line number="52" hits="1"/>
            <line number="53" hits="1"/>
            <line number="54" hits="1"/>
            <line number="55" hits="1"/>
            <line number="56" hits="1"/>
            <line number="57" hits="1"/>
            <line number="65" hits="2"/>
            <line number="71" hits="1"/>
            <line number="72" hits="1"/>
            <line number="74" hits="1"/>
            <line number="75" hits="1"/>
            <line number="77" hits="1"/>
            <line number="78" hits="1"/>
            <line number="80" hits="1"/>
            <line number="81" hits="1"/>
            <line number="83" hits="1"/>
            <line number="84" hits="1"/>
            <line number="86" hits="1"/>
            <line number="87" hits="1"/>
            <line number="89" hits="1"/>
            <line number="90" hits="0"/>
            <line number="92" hits="1"/>
            <line number="93" hits="1"/>
            <line number="102" hits="1"/>
            <line number="104" hits="1"/>
            <line number="107" hits="1"/>
            <line number="108" hits="1"/>
            <line number="109" hits="1"/>
            <line number="110" hits="1"/>
            <line number="111" hits="1"/>
            <line number="112" hits="1"/>
            <line number="122" hits="1"/>
            <line number="123" hits="1"/>
          </lines>
        </class>
      </classes>
    </package>
    <package name="Building/Controller/Skeletons/BuildRoutes.php" line-rate="0.98076923076923" branch-rate="0" complexity="34">
      <classes>
        <class name="Playground\Stub\Building\Controller\Skeletons\BuildRoutes" filename="Building/Controller/Skeletons/BuildRoutes.php" line-rate="0.98076923076923" branch-rate="0" complexity="34">
          <methods>
            <method name="skeleton_routes" signature="string $type" line-rate="0.98076923076923" branch-rate="0" complexity="34">
              <lines>
                <line number="18" hits="2"/>
                <line number="19" hits="2"/>
                <line number="20" hits="2"/>
                <line number="21" hits="2"/>
                <line number="22" hits="2"/>
                <line number="23" hits="2"/>
                <line number="24" hits="2"/>
                <line number="28" hits="2"/>
                <line number="29" hits="1"/>
                <line number="32" hits="2"/>
                <line number="33" hits="1"/>
                <line number="36" hits="2"/>
                <line number="37" hits="2"/>
                <line number="40" hits="2"/>
                <line number="41" hits="2"/>
                <line number="44" hits="2"/>
                <line number="45" hits="2"/>
                <line number="48" hits="2"/>
                <line number="49" hits="2"/>
                <line number="50" hits="2"/>
                <line number="51" hits="2"/>
                <line number="52" hits="2"/>
                <line number="53" hits="2"/>
                <line number="54" hits="2"/>
                <line number="55" hits="2"/>
                <line number="56" hits="2"/>
                <line number="57" hits="2"/>
                <line number="58" hits="2"/>
                <line number="59" hits="2"/>
                <line number="60" hits="2"/>
                <line number="61" hits="2"/>
                <line number="63" hits="2"/>
                <line number="64" hits="0"/>
                <line number="66" hits="2"/>
                <line number="67" hits="1"/>
                <line number="71" hits="2"/>
                <line number="72" hits="2"/>
                <line number="75" hits="2"/>
                <line number="76" hits="2"/>
                <line number="77" hits="2"/>
                <line number="78" hits="1"/>
                <line number="79" hits="1"/>
                <line number="87" hits="2"/>
                <line number="89" hits="2"/>
                <line number="91" hits="2"/>
                <line number="92" hits="2"/>
                <line number="93" hits="2"/>
                <line number="94" hits="2"/>
                <line number="95" hits="2"/>
                <line number="96" hits="2"/>
                <line number="107" hits="2"/>
                <line number="108" hits="2"/>
              </lines>
            </method>
          </methods>
          <lines>
            <line number="18" hits="2"/>
            <line number="19" hits="2"/>
            <line number="20" hits="2"/>
            <line number="21" hits="2"/>
            <line number="22" hits="2"/>
            <line number="23" hits="2"/>
            <line number="24" hits="2"/>
            <line number="28" hits="2"/>
            <line number="29" hits="1"/>
            <line number="32" hits="2"/>
            <line number="33" hits="1"/>
            <line number="36" hits="2"/>
            <line number="37" hits="2"/>
            <line number="40" hits="2"/>
            <line number="41" hits="2"/>
            <line number="44" hits="2"/>
            <line number="45" hits="2"/>
            <line number="48" hits="2"/>
            <line number="49" hits="2"/>
            <line number="50" hits="2"/>
            <line number="51" hits="2"/>
            <line number="52" hits="2"/>
            <line number="53" hits="2"/>
            <line number="54" hits="2"/>
            <line number="55" hits="2"/>
            <line number="56" hits="2"/>
            <line number="57" hits="2"/>
            <line number="58" hits="2"/>
            <line number="59" hits="2"/>
            <line number="60" hits="2"/>
            <line number="61" hits="2"/>
            <line number="63" hits="2"/>
            <line number="64" hits="0"/>
            <line number="66" hits="2"/>
            <line number="67" hits="1"/>
            <line number="71" hits="2"/>
            <line number="72" hits="2"/>
            <line number="75" hits="2"/>
            <line number="76" hits="2"/>
            <line number="77" hits="2"/>
            <line number="78" hits="1"/>
            <line number="79" hits="1"/>
            <line number="87" hits="2"/>
            <line number="89" hits="2"/>
            <line number="91" hits="2"/>
            <line number="92" hits="2"/>
            <line number="93" hits="2"/>
            <line number="94" hits="2"/>
            <line number="95" hits="2"/>
            <line number="96" hits="2"/>
            <line number="107" hits="2"/>
            <line number="108" hits="2"/>
          </lines>
        </class>
      </classes>
    </package>
    <package name="Building/Controller/Skeletons/BuildSwagger.php" line-rate="0.975" branch-rate="0" complexity="31">
      <classes>
        <class name="Playground\Stub\Building\Controller\Skeletons\BuildSwagger" filename="Building/Controller/Skeletons/BuildSwagger.php" line-rate="0.975" branch-rate="0" complexity="31">
          <methods>
            <method name="skeleton_swagger" signature="string $type" line-rate="0.975" branch-rate="0" complexity="31">
              <lines>
                <line number="18" hits="2"/>
                <line number="19" hits="2"/>
                <line number="20" hits="2"/>
                <line number="21" hits="2"/>
                <line number="22" hits="2"/>
                <line number="23" hits="2"/>
                <line number="24" hits="2"/>
                <line number="26" hits="2"/>
                <line number="28" hits="2"/>
                <line number="29" hits="1"/>
                <line number="32" hits="2"/>
                <line number="33" hits="1"/>
                <line number="36" hits="2"/>
                <line number="37" hits="2"/>
                <line number="40" hits="2"/>
                <line number="41" hits="2"/>
                <line number="44" hits="2"/>
                <line number="45" hits="2"/>
                <line number="48" hits="2"/>
                <line number="49" hits="2"/>
                <line number="50" hits="2"/>
                <line number="51" hits="2"/>
                <line number="52" hits="2"/>
                <line number="53" hits="2"/>
                <line number="54" hits="2"/>
                <line number="55" hits="2"/>
                <line number="58" hits="2"/>
                <line number="59" hits="2"/>
                <line number="61" hits="2"/>
                <line number="62" hits="0"/>
                <line number="65" hits="2"/>
                <line number="66" hits="2"/>
                <line number="67" hits="2"/>
                <line number="68" hits="1"/>
                <line number="71" hits="2"/>
                <line number="77" hits="2"/>
                <line number="100" hits="2"/>
                <line number="102" hits="2"/>
                <line number="103" hits="1"/>
                <line number="108" hits="2"/>
              </lines>
            </method>
          </methods>
          <lines>
            <line number="18" hits="2"/>
            <line number="19" hits="2"/>
            <line number="20" hits="2"/>
            <line number="21" hits="2"/>
            <line number="22" hits="2"/>
            <line number="23" hits="2"/>
            <line number="24" hits="2"/>
            <line number="26" hits="2"/>
            <line number="28" hits="2"/>
            <line number="29" hits="1"/>
            <line number="32" hits="2"/>
            <line number="33" hits="1"/>
            <line number="36" hits="2"/>
            <line number="37" hits="2"/>
            <line number="40" hits="2"/>
            <line number="41" hits="2"/>
            <line number="44" hits="2"/>
            <line number="45" hits="2"/>
            <line number="48" hits="2"/>
            <line number="49" hits="2"/>
            <line number="50" hits="2"/>
            <line number="51" hits="2"/>
            <line number="52" hits="2"/>
            <line number="53" hits="2"/>
            <line number="54" hits="2"/>
            <line number="55" hits="2"/>
            <line number="58" hits="2"/>
            <line number="59" hits="2"/>
            <line number="61" hits="2"/>
            <line number="62" hits="0"/>
            <line number="65" hits="2"/>
            <line number="66" hits="2"/>
            <line number="67" hits="2"/>
            <line number="68" hits="1"/>
            <line number="71" hits="2"/>
            <line number="77" hits="2"/>
            <line number="100" hits="2"/>
            <line number="102" hits="2"/>
            <line number="103" hits="1"/>
            <line number="108" hits="2"/>
          </lines>
        </class>
      </classes>
    </package>
    <package name="Building/Controller/Skeletons/BuildTemplates.php" line-rate="0.98" branch-rate="0" complexity="33">
      <classes>
        <class name="Playground\Stub\Building\Controller\Skeletons\BuildTemplates" filename="Building/Controller/Skeletons/BuildTemplates.php" line-rate="0.98" branch-rate="0" complexity="33">
          <methods>
            <method name="skeleton_templates" signature="string $type" line-rate="0.98" branch-rate="0" complexity="33">
              <lines>
                <line number="18" hits="2"/>
                <line number="19" hits="2"/>
                <line number="20" hits="2"/>
                <line number="21" hits="2"/>
                <line number="22" hits="2"/>
                <line number="23" hits="2"/>
                <line number="24" hits="2"/>
                <line number="28" hits="2"/>
                <line number="29" hits="1"/>
                <line number="32" hits="2"/>
                <line number="33" hits="1"/>
                <line number="36" hits="2"/>
                <line number="37" hits="2"/>
                <line number="40" hits="2"/>
                <line number="41" hits="2"/>
                <line number="44" hits="2"/>
                <line number="45" hits="2"/>
                <line number="48" hits="2"/>
                <line number="50" hits="2"/>
                <line number="51" hits="2"/>
                <line number="52" hits="2"/>
                <line number="53" hits="2"/>
                <line number="54" hits="2"/>
                <line number="55" hits="2"/>
                <line number="56" hits="2"/>
                <line number="57" hits="2"/>
                <line number="58" hits="2"/>
                <line number="59" hits="2"/>
                <line number="60" hits="2"/>
                <line number="62" hits="2"/>
                <line number="63" hits="2"/>
                <line number="65" hits="2"/>
                <line number="66" hits="0"/>
                <line number="69" hits="2"/>
                <line number="70" hits="2"/>
                <line number="73" hits="2"/>
                <line number="74" hits="2"/>
                <line number="75" hits="2"/>
                <line number="76" hits="1"/>
                <line number="77" hits="1"/>
                <line number="80" hits="2"/>
                <line number="82" hits="2"/>
                <line number="84" hits="2"/>
                <line number="85" hits="2"/>
                <line number="86" hits="2"/>
                <line number="87" hits="2"/>
                <line number="88" hits="2"/>
                <line number="89" hits="2"/>
                <line number="100" hits="2"/>
                <line number="101" hits="2"/>
              </lines>
            </method>
          </methods>
          <lines>
            <line number="18" hits="2"/>
            <line number="19" hits="2"/>
            <line number="20" hits="2"/>
            <line number="21" hits="2"/>
            <line number="22" hits="2"/>
            <line number="23" hits="2"/>
            <line number="24" hits="2"/>
            <line number="28" hits="2"/>
            <line number="29" hits="1"/>
            <line number="32" hits="2"/>
            <line number="33" hits="1"/>
            <line number="36" hits="2"/>
            <line number="37" hits="2"/>
            <line number="40" hits="2"/>
            <line number="41" hits="2"/>
            <line number="44" hits="2"/>
            <line number="45" hits="2"/>
            <line number="48" hits="2"/>
            <line number="50" hits="2"/>
            <line number="51" hits="2"/>
            <line number="52" hits="2"/>
            <line number="53" hits="2"/>
            <line number="54" hits="2"/>
            <line number="55" hits="2"/>
            <line number="56" hits="2"/>
            <line number="57" hits="2"/>
            <line number="58" hits="2"/>
            <line number="59" hits="2"/>
            <line number="60" hits="2"/>
            <line number="62" hits="2"/>
            <line number="63" hits="2"/>
            <line number="65" hits="2"/>
            <line number="66" hits="0"/>
            <line number="69" hits="2"/>
            <line number="70" hits="2"/>
            <line number="73" hits="2"/>
            <line number="74" hits="2"/>
            <line number="75" hits="2"/>
            <line number="76" hits="1"/>
            <line number="77" hits="1"/>
            <line number="80" hits="2"/>
            <line number="82" hits="2"/>
            <line number="84" hits="2"/>
            <line number="85" hits="2"/>
            <line number="86" hits="2"/>
            <line number="87" hits="2"/>
            <line number="88" hits="2"/>
            <line number="89" hits="2"/>
            <line number="100" hits="2"/>
            <line number="101" hits="2"/>
          </lines>
        </class>
      </classes>
    </package>
    <package name="Building/Migration/BuildColumns.php" line-rate="0.64705882352941" branch-rate="0" complexity="27">
      <classes>
        <class name="Playground\Stub\Building\Migration\BuildColumns" filename="Building/Migration/BuildColumns.php" line-rate="0.64705882352941" branch-rate="0" complexity="27">
          <methods>
            <method name="buildClass_column" signature="string $attribute, array $meta, string $group" line-rate="0.66666666666667" branch-rate="0" complexity="21">
              <lines>
                <line number="25" hits="6"/>
                <line number="26" hits="6"/>
                <line number="27" hits="6"/>
                <line number="28" hits="6"/>
                <line number="29" hits="6"/>
                <line number="30" hits="6"/>
                <line number="31" hits="6"/>
                <line number="32" hits="6"/>
                <line number="33" hits="6"/>
                <line number="34" hits="6"/>
                <line number="35" hits="6"/>
                <line number="36" hits="6"/>
                <line number="37" hits="6"/>
                <line number="38" hits="6"/>
                <line number="39" hits="6"/>
                <line number="40" hits="6"/>
                <line number="42" hits="6"/>
                <line number="44" hits="6"/>
                <line number="45" hits="0"/>
                <line number="46" hits="0"/>
                <line number="47" hits="0"/>
                <line number="48" hits="0"/>
                <line number="49" hits="0"/>
                <line number="50" hits="0"/>
                <line number="52" hits="0"/>
                <line number="53" hits="0"/>
                <line number="54" hits="0"/>
                <line number="55" hits="0"/>
                <line number="56" hits="0"/>
                <line number="57" hits="0"/>
                <line number="58" hits="0"/>
                <line number="61" hits="6"/>
                <line number="62" hits="6"/>
                <line number="63" hits="6"/>
                <line number="64" hits="6"/>
                <line number="65" hits="6"/>
                <line number="66" hits="0"/>
                <line number="67" hits="0"/>
                <line number="68" hits="0"/>
                <line number="69" hits="0"/>
                <line number="70" hits="0"/>
                <line number="71" hits="0"/>
                <line number="72" hits="0"/>
                <line number="73" hits="0"/>
                <line number="74" hits="0"/>
                <line number="76" hits="6"/>
                <line number="77" hits="6"/>
                <line number="78" hits="6"/>
                <line number="79" hits="6"/>
                <line number="80" hits="6"/>
                <line number="81" hits="6"/>
                <line number="82" hits="6"/>
                <line number="85" hits="6"/>
                <line number="87" hits="6"/>
                <line number="90" hits="6"/>
                <line number="91" hits="6"/>
                <line number="92" hits="6"/>
                <line number="93" hits="6"/>
                <line number="94" hits="6"/>
                <line number="95" hits="6"/>
                <line number="96" hits="6"/>
                <line number="97" hits="6"/>
                <line number="98" hits="6"/>
                <line number="102" hits="6"/>
                <line number="103" hits="0"/>
                <line number="106" hits="6"/>
                <line number="107" hits="6"/>
                <line number="110" hits="6"/>
                <line number="112" hits="6"/>
              </lines>
            </method>
            <method name="buildClass_columns" signature="" line-rate="0.60606060606061" branch-rate="0" complexity="6">
              <lines>
                <line number="117" hits="8"/>
                <line number="118" hits="8"/>
                <line number="119" hits="2"/>
                <line number="122" hits="6"/>
                <line number="124" hits="6"/>
                <line number="125" hits="6"/>
                <line number="126" hits="6"/>
                <line number="127" hits="6"/>
                <line number="129" hits="6"/>
                <line number="135" hits="6"/>
                <line number="136" hits="6"/>
                <line number="143" hits="6"/>
                <line number="144" hits="0"/>
                <line number="145" hits="0"/>
                <line number="146" hits="0"/>
                <line number="147" hits="0"/>
                <line number="148" hits="0"/>
                <line number="149" hits="0"/>
                <line number="151" hits="0"/>
                <line number="154" hits="6"/>
                <line number="155" hits="0"/>
                <line number="156" hits="0"/>
                <line number="157" hits="0"/>
                <line number="158" hits="0"/>
                <line number="159" hits="0"/>
                <line number="161" hits="0"/>
                <line number="164" hits="6"/>
                <line number="166" hits="6"/>
                <line number="167" hits="6"/>
                <line number="168" hits="6"/>
                <line number="169" hits="6"/>
                <line number="170" hits="6"/>
                <line number="172" hits="6"/>
              </lines>
            </method>
          </methods>
          <lines>
            <line number="25" hits="6"/>
            <line number="26" hits="6"/>
            <line number="27" hits="6"/>
            <line number="28" hits="6"/>
            <line number="29" hits="6"/>
            <line number="30" hits="6"/>
            <line number="31" hits="6"/>
            <line number="32" hits="6"/>
            <line number="33" hits="6"/>
            <line number="34" hits="6"/>
            <line number="35" hits="6"/>
            <line number="36" hits="6"/>
            <line number="37" hits="6"/>
            <line number="38" hits="6"/>
            <line number="39" hits="6"/>
            <line number="40" hits="6"/>
            <line number="42" hits="6"/>
            <line number="44" hits="6"/>
            <line number="45" hits="0"/>
            <line number="46" hits="0"/>
            <line number="47" hits="0"/>
            <line number="48" hits="0"/>
            <line number="49" hits="0"/>
            <line number="50" hits="0"/>
            <line number="52" hits="0"/>
            <line number="53" hits="0"/>
            <line number="54" hits="0"/>
            <line number="55" hits="0"/>
            <line number="56" hits="0"/>
            <line number="57" hits="0"/>
            <line number="58" hits="0"/>
            <line number="61" hits="6"/>
            <line number="62" hits="6"/>
            <line number="63" hits="6"/>
            <line number="64" hits="6"/>
            <line number="65" hits="6"/>
            <line number="66" hits="0"/>
            <line number="67" hits="0"/>
            <line number="68" hits="0"/>
            <line number="69" hits="0"/>
            <line number="70" hits="0"/>
            <line number="71" hits="0"/>
            <line number="72" hits="0"/>
            <line number="73" hits="0"/>
            <line number="74" hits="0"/>
            <line number="76" hits="6"/>
            <line number="77" hits="6"/>
            <line number="78" hits="6"/>
            <line number="79" hits="6"/>
            <line number="80" hits="6"/>
            <line number="81" hits="6"/>
            <line number="82" hits="6"/>
            <line number="85" hits="6"/>
            <line number="87" hits="6"/>
            <line number="90" hits="6"/>
            <line number="91" hits="6"/>
            <line number="92" hits="6"/>
            <line number="93" hits="6"/>
            <line number="94" hits="6"/>
            <line number="95" hits="6"/>
            <line number="96" hits="6"/>
            <line number="97" hits="6"/>
            <line number="98" hits="6"/>
            <line number="102" hits="6"/>
            <line number="103" hits="0"/>
            <line number="106" hits="6"/>
            <line number="107" hits="6"/>
            <line number="110" hits="6"/>
            <line number="112" hits="6"/>
            <line number="117" hits="8"/>
            <line number="118" hits="8"/>
            <line number="119" hits="2"/>
            <line number="122" hits="6"/>
            <line number="124" hits="6"/>
            <line number="125" hits="6"/>
            <line number="126" hits="6"/>
            <line number="127" hits="6"/>
            <line number="129" hits="6"/>
            <line number="135" hits="6"/>
            <line number="136" hits="6"/>
            <line number="143" hits="6"/>
            <line number="144" hits="0"/>
            <line number="145" hits="0"/>
            <line number="146" hits="0"/>
            <line number="147" hits="0"/>
            <line number="148" hits="0"/>
            <line number="149" hits="0"/>
            <line number="151" hits="0"/>
            <line number="154" hits="6"/>
            <line number="155" hits="0"/>
            <line number="156" hits="0"/>
            <line number="157" hits="0"/>
            <line number="158" hits="0"/>
            <line number="159" hits="0"/>
            <line number="161" hits="0"/>
            <line number="164" hits="6"/>
            <line number="166" hits="6"/>
            <line number="167" hits="6"/>
            <line number="168" hits="6"/>
            <line number="169" hits="6"/>
            <line number="170" hits="6"/>
            <line number="172" hits="6"/>
          </lines>
        </class>
      </classes>
    </package>
    <package name="Building/Migration/BuildDates.php" line-rate="1" branch-rate="0" complexity="9">
      <classes>
        <class name="Playground\Stub\Building\Migration\BuildDates" filename="Building/Migration/BuildDates.php" line-rate="1" branch-rate="0" complexity="9">
          <methods>
            <method name="buildClass_dates" signature="" line-rate="1" branch-rate="0" complexity="5">
              <lines>
                <line number="16" hits="8"/>
                <line number="17" hits="8"/>
                <line number="18" hits="2"/>
                <line number="21" hits="6"/>
                <line number="23" hits="6"/>
                <line number="24" hits="6"/>
                <line number="25" hits="6"/>
                <line number="27" hits="6"/>
                <line number="28" hits="6"/>
                <line number="29" hits="6"/>
                <line number="30" hits="6"/>
                <line number="31" hits="6"/>
                <line number="32" hits="6"/>
                <line number="34" hits="6"/>
                <line number="36" hits="6"/>
                <line number="39" hits="6"/>
                <line number="40" hits="6"/>
                <line number="43" hits="6"/>
                <line number="45" hits="6"/>
                <line number="46" hits="6"/>
              </lines>
            </method>
            <method name="buildClass_timestamps" signature="" line-rate="1" branch-rate="0" complexity="2">
              <lines>
                <line number="52" hits="8"/>
                <line number="53" hits="1"/>
                <line number="56" hits="7"/>
                <line number="58" hits="7"/>
                <line number="59" hits="7"/>
                <line number="60" hits="7"/>
                <line number="61" hits="7"/>
                <line number="63" hits="7"/>
                <line number="65" hits="7"/>
                <line number="66" hits="7"/>
                <line number="67" hits="7"/>
                <line number="68" hits="7"/>
              </lines>
            </method>
            <method name="buildClass_softDeletes" signature="" line-rate="1" branch-rate="0" complexity="2">
              <lines>
                <line number="73" hits="8"/>
                <line number="74" hits="1"/>
                <line number="77" hits="7"/>
                <line number="79" hits="7"/>
                <line number="80" hits="7"/>
                <line number="81" hits="7"/>
                <line number="82" hits="7"/>
              </lines>
            </method>
          </methods>
          <lines>
            <line number="16" hits="8"/>
            <line number="17" hits="8"/>
            <line number="18" hits="2"/>
            <line number="21" hits="6"/>
            <line number="23" hits="6"/>
            <line number="24" hits="6"/>
            <line number="25" hits="6"/>
            <line number="27" hits="6"/>
            <line number="28" hits="6"/>
            <line number="29" hits="6"/>
            <line number="30" hits="6"/>
            <line number="31" hits="6"/>
            <line number="32" hits="6"/>
            <line number="34" hits="6"/>
            <line number="36" hits="6"/>
            <line number="39" hits="6"/>
            <line number="40" hits="6"/>
            <line number="43" hits="6"/>
            <line number="45" hits="6"/>
            <line number="46" hits="6"/>
            <line number="52" hits="8"/>
            <line number="53" hits="1"/>
            <line number="56" hits="7"/>
            <line number="58" hits="7"/>
            <line number="59" hits="7"/>
            <line number="60" hits="7"/>
            <line number="61" hits="7"/>
            <line number="63" hits="7"/>
            <line number="65" hits="7"/>
            <line number="66" hits="7"/>
            <line number="67" hits="7"/>
            <line number="68" hits="7"/>
            <line number="73" hits="8"/>
            <line number="74" hits="1"/>
            <line number="77" hits="7"/>
            <line number="79" hits="7"/>
            <line number="80" hits="7"/>
            <line number="81" hits="7"/>
            <line number="82" hits="7"/>
          </lines>
        </class>
      </classes>
    </package>
    <package name="Building/Migration/BuildFlags.php" line-rate="0.60606060606061" branch-rate="0" complexity="6">
      <classes>
        <class name="Playground\Stub\Building\Migration\BuildFlags" filename="Building/Migration/BuildFlags.php" line-rate="0.60606060606061" branch-rate="0" complexity="6">
          <methods>
            <method name="buildClass_flags" signature="" line-rate="0.60606060606061" branch-rate="0" complexity="6">
              <lines>
                <line number="16" hits="8"/>
                <line number="17" hits="8"/>
                <line number="18" hits="2"/>
                <line number="21" hits="6"/>
                <line number="23" hits="6"/>
                <line number="24" hits="6"/>
                <line number="25" hits="6"/>
                <line number="26" hits="6"/>
                <line number="28" hits="6"/>
                <line number="34" hits="6"/>
                <line number="35" hits="6"/>
                <line number="42" hits="6"/>
                <line number="43" hits="0"/>
                <line number="44" hits="0"/>
                <line number="45" hits="0"/>
                <line number="46" hits="0"/>
                <line number="47" hits="0"/>
                <line number="48" hits="0"/>
                <line number="50" hits="0"/>
                <line number="53" hits="6"/>
                <line number="54" hits="0"/>
                <line number="55" hits="0"/>
                <line number="56" hits="0"/>
                <line number="57" hits="0"/>
                <line number="58" hits="0"/>
                <line number="60" hits="0"/>
                <line number="63" hits="6"/>
                <line number="65" hits="6"/>
                <line number="66" hits="6"/>
                <line number="67" hits="6"/>
                <line number="68" hits="6"/>
                <line number="69" hits="6"/>
                <line number="71" hits="6"/>
              </lines>
            </method>
          </methods>
          <lines>
            <line number="16" hits="8"/>
            <line number="17" hits="8"/>
            <line number="18" hits="2"/>
            <line number="21" hits="6"/>
            <line number="23" hits="6"/>
            <line number="24" hits="6"/>
            <line number="25" hits="6"/>
            <line number="26" hits="6"/>
            <line number="28" hits="6"/>
            <line number="34" hits="6"/>
            <line number="35" hits="6"/>
            <line number="42" hits="6"/>
            <line number="43" hits="0"/>
            <line number="44" hits="0"/>
            <line number="45" hits="0"/>
            <line number="46" hits="0"/>
            <line number="47" hits="0"/>
            <line number="48" hits="0"/>
            <line number="50" hits="0"/>
            <line number="53" hits="6"/>
            <line number="54" hits="0"/>
            <line number="55" hits="0"/>
            <line number="56" hits="0"/>
            <line number="57" hits="0"/>
            <line number="58" hits="0"/>
            <line number="60" hits="0"/>
            <line number="63" hits="6"/>
            <line number="65" hits="6"/>
            <line number="66" hits="6"/>
            <line number="67" hits="6"/>
            <line number="68" hits="6"/>
            <line number="69" hits="6"/>
            <line number="71" hits="6"/>
          </lines>
        </class>
      </classes>
    </package>
[...]
            <line number="127" hits="1"/>
            <line number="128" hits="1"/>
            <line number="129" hits="1"/>
            <line number="130" hits="1"/>
            <line number="133" hits="20"/>
            <line number="134" hits="1"/>
            <line number="135" hits="1"/>
            <line number="136" hits="1"/>
            <line number="137" hits="1"/>
            <line number="140" hits="20"/>
            <line number="141" hits="1"/>
            <line number="142" hits="1"/>
            <line number="143" hits="1"/>
            <line number="144" hits="1"/>
            <line number="150" hits="18"/>
            <line number="151" hits="18"/>
            <line number="152" hits="18"/>
            <line number="153" hits="18"/>
            <line number="154" hits="18"/>
            <line number="164" hits="18"/>
            <line number="166" hits="18"/>
            <line number="167" hits="18"/>
            <line number="168" hits="18"/>
            <line number="169" hits="18"/>
            <line number="170" hits="18"/>
            <line number="173" hits="18"/>
            <line number="174" hits="18"/>
            <line number="175" hits="18"/>
            <line number="176" hits="18"/>
            <line number="177" hits="18"/>
            <line number="178" hits="18"/>
            <line number="179" hits="18"/>
            <line number="182" hits="18"/>
            <line number="183" hits="5"/>
            <line number="184" hits="5"/>
            <line number="185" hits="5"/>
            <line number="186" hits="13"/>
            <line number="187" hits="4"/>
            <line number="188" hits="4"/>
            <line number="189" hits="4"/>
            <line number="190" hits="9"/>
            <line number="191" hits="4"/>
            <line number="192" hits="4"/>
            <line number="193" hits="4"/>
            <line number="194" hits="5"/>
            <line number="195" hits="4"/>
            <line number="196" hits="4"/>
            <line number="197" hits="4"/>
            <line number="199" hits="1"/>
            <line number="200" hits="1"/>
            <line number="201" hits="1"/>
            <line number="211" hits="18"/>
            <line number="219" hits="20"/>
            <line number="220" hits="2"/>
            <line number="223" hits="18"/>
            <line number="225" hits="18"/>
            <line number="226" hits="4"/>
            <line number="229" hits="18"/>
            <line number="231" hits="18"/>
            <line number="239" hits="4"/>
            <line number="241" hits="4"/>
            <line number="242" hits="4"/>
            <line number="243" hits="4"/>
            <line number="244" hits="4"/>
            <line number="245" hits="4"/>
            <line number="248" hits="4"/>
            <line number="251" hits="4"/>
            <line number="253" hits="4"/>
            <line number="254" hits="4"/>
            <line number="255" hits="4"/>
            <line number="256" hits="4"/>
            <line number="257" hits="4"/>
            <line number="258" hits="4"/>
            <line number="266" hits="4"/>
            <line number="268" hits="4"/>
            <line number="270" hits="4"/>
            <line number="271" hits="4"/>
            <line number="273" hits="4"/>
            <line number="282" hits="18"/>
            <line number="284" hits="18"/>
            <line number="286" hits="18"/>
            <line number="287" hits="5"/>
            <line number="288" hits="13"/>
            <line number="289" hits="4"/>
            <line number="290" hits="9"/>
            <line number="291" hits="4"/>
            <line number="292" hits="5"/>
            <line number="293" hits="4"/>
            <line number="296" hits="18"/>
            <line number="316" hits="21"/>
            <line number="318" hits="21"/>
            <line number="319" hits="21"/>
            <line number="320" hits="21"/>
            <line number="322" hits="21"/>
          </lines>
        </class>
      </classes>
    </package>
    <package name="Console/Commands/TestMakeCommand.php" line-rate="1" branch-rate="0" complexity="23">
      <classes>
        <class name="Playground\Stub\Console\Commands\TestMakeCommand" filename="Console/Commands/TestMakeCommand.php" line-rate="1" branch-rate="0" complexity="23">
          <methods>
            <method name="prepareOptions" signature="" line-rate="1" branch-rate="0" complexity="10">
              <lines>
                <line number="86" hits="6"/>
                <line number="96" hits="6"/>
                <line number="98" hits="6"/>
                <line number="99" hits="6"/>
                <line number="100" hits="6"/>
                <line number="103" hits="6"/>
                <line number="104" hits="6"/>
                <line number="105" hits="6"/>
                <line number="106" hits="6"/>
                <line number="107" hits="6"/>
                <line number="109" hits="6"/>
                <line number="110" hits="6"/>
                <line number="111" hits="6"/>
                <line number="113" hits="6"/>
                <line number="114" hits="6"/>
                <line number="115" hits="6"/>
                <line number="116" hits="6"/>
                <line number="117" hits="6"/>
                <line number="124" hits="6"/>
                <line number="125" hits="6"/>
                <line number="126" hits="6"/>
                <line number="128" hits="6"/>
                <line number="129" hits="6"/>
                <line number="130" hits="6"/>
                <line number="131" hits="6"/>
                <line number="132" hits="6"/>
                <line number="133" hits="6"/>
                <line number="136" hits="4"/>
                <line number="137" hits="4"/>
                <line number="138" hits="4"/>
                <line number="140" hits="4"/>
                <line number="141" hits="4"/>
                <line number="142" hits="4"/>
                <line number="144" hits="4"/>
                <line number="146" hits="4"/>
                <line number="159" hits="4"/>
                <line number="160" hits="4"/>
                <line number="161" hits="4"/>
                <line number="163" hits="4"/>
                <line number="164" hits="4"/>
                <line number="172" hits="6"/>
                <line number="173" hits="6"/>
                <line number="174" hits="6"/>
              </lines>
            </method>
            <method name="getConfigurationFilename" signature="" line-rate="1" branch-rate="0" complexity="2">
              <lines>
                <line number="186" hits="5"/>
                <line number="188" hits="5"/>
                <line number="189" hits="5"/>
                <line number="190" hits="5"/>
                <line number="191" hits="5"/>
                <line number="192" hits="5"/>
                <line number="193" hits="5"/>
                <line number="194" hits="4"/>
                <line number="196" hits="1"/>
                <line number="199" hits="5"/>
                <line number="200" hits="5"/>
                <line number="201" hits="5"/>
                <line number="202" hits="5"/>
                <line number="203" hits="5"/>
                <line number="204" hits="5"/>
              </lines>
            </method>
            <method name="qualifyClass" signature="$name" line-rate="1" branch-rate="0" complexity="2">
              <lines>
                <line number="222" hits="5"/>
                <line number="229" hits="5"/>
                <line number="230" hits="5"/>
                <line number="231" hits="5"/>
                <line number="232" hits="5"/>
                <line number="233" hits="5"/>
                <line number="234" hits="5"/>
                <line number="235" hits="4"/>
                <line number="236" hits="4"/>
                <line number="237" hits="4"/>
                <line number="242" hits="1"/>
                <line number="243" hits="1"/>
                <line number="244" hits="1"/>
                <line number="247" hits="5"/>
                <line number="249" hits="5"/>
                <line number="256" hits="5"/>
              </lines>
            </method>
            <method name="getStub" signature="" line-rate="1" branch-rate="0" complexity="1">
              <lines>
                <line number="266" hits="5"/>
                <line number="268" hits="5"/>
                <line number="270" hits="5"/>
              </lines>
            </method>
            <method name="getDefaultNamespace" signature="$rootNamespace" line-rate="1" branch-rate="0" complexity="4">
              <lines>
                <line number="280" hits="6"/>
                <line number="281" hits="6"/>
                <line number="282" hits="6"/>
                <line number="284" hits="6"/>
                <line number="285" hits="6"/>
                <line number="286" hits="6"/>
                <line number="287" hits="6"/>
                <line number="288" hits="6"/>
                <line number="291" hits="6"/>
                <line number="292" hits="6"/>
                <line number="293" hits="5"/>
                <line number="294" hits="5"/>
                <line number="295" hits="5"/>
                <line number="296" hits="5"/>
                <line number="306" hits="6"/>
              </lines>
            </method>
            <method name="getOptions" signature="" line-rate="1" branch-rate="0" complexity="1">
              <lines>
                <line number="317" hits="7"/>
                <line number="319" hits="7"/>
                <line number="321" hits="7"/>
              </lines>
            </method>
            <method name="folder" signature="" line-rate="1" branch-rate="0" complexity="3">
              <lines>
                <line number="326" hits="5"/>
                <line number="327" hits="5"/>
                <line number="328" hits="5"/>
                <line number="329" hits="5"/>
                <line number="330" hits="5"/>
                <line number="331" hits="5"/>
                <line number="332" hits="5"/>
                <line number="335" hits="5"/>
              </lines>
            </method>
          </methods>
          <lines>
            <line number="86" hits="6"/>
            <line number="96" hits="6"/>
            <line number="98" hits="6"/>
            <line number="99" hits="6"/>
            <line number="100" hits="6"/>
            <line number="103" hits="6"/>
            <line number="104" hits="6"/>
            <line number="105" hits="6"/>
            <line number="106" hits="6"/>
            <line number="107" hits="6"/>
            <line number="109" hits="6"/>
            <line number="110" hits="6"/>
            <line number="111" hits="6"/>
            <line number="113" hits="6"/>
            <line number="114" hits="6"/>
            <line number="115" hits="6"/>
            <line number="116" hits="6"/>
            <line number="117" hits="6"/>
            <line number="124" hits="6"/>
            <line number="125" hits="6"/>
            <line number="126" hits="6"/>
            <line number="128" hits="6"/>
            <line number="129" hits="6"/>
            <line number="130" hits="6"/>
            <line number="131" hits="6"/>
            <line number="132" hits="6"/>
            <line number="133" hits="6"/>
            <line number="136" hits="4"/>
            <line number="137" hits="4"/>
            <line number="138" hits="4"/>
            <line number="140" hits="4"/>
            <line number="141" hits="4"/>
            <line number="142" hits="4"/>
            <line number="144" hits="4"/>
            <line number="146" hits="4"/>
            <line number="159" hits="4"/>
            <line number="160" hits="4"/>
            <line number="161" hits="4"/>
            <line number="163" hits="4"/>
            <line number="164" hits="4"/>
            <line number="172" hits="6"/>
            <line number="173" hits="6"/>
            <line number="174" hits="6"/>
            <line number="186" hits="5"/>
            <line number="188" hits="5"/>
            <line number="189" hits="5"/>
            <line number="190" hits="5"/>
            <line number="191" hits="5"/>
            <line number="192" hits="5"/>
            <line number="193" hits="5"/>
            <line number="194" hits="4"/>
            <line number="196" hits="1"/>
            <line number="199" hits="5"/>
            <line number="200" hits="5"/>
            <line number="201" hits="5"/>
            <line number="202" hits="5"/>
            <line number="203" hits="5"/>
            <line number="204" hits="5"/>
            <line number="222" hits="5"/>
            <line number="229" hits="5"/>
            <line number="230" hits="5"/>
            <line number="231" hits="5"/>
            <line number="232" hits="5"/>
            <line number="233" hits="5"/>
            <line number="234" hits="5"/>
            <line number="235" hits="4"/>
            <line number="236" hits="4"/>
            <line number="237" hits="4"/>
            <line number="242" hits="1"/>
            <line number="243" hits="1"/>
            <line number="244" hits="1"/>
            <line number="247" hits="5"/>
            <line number="249" hits="5"/>
            <line number="256" hits="5"/>
            <line number="266" hits="5"/>
            <line number="268" hits="5"/>
            <line number="270" hits="5"/>
            <line number="280" hits="6"/>
            <line number="281" hits="6"/>
            <line number="282" hits="6"/>
            <line number="284" hits="6"/>
            <line number="285" hits="6"/>
            <line number="286" hits="6"/>
            <line number="287" hits="6"/>
            <line number="288" hits="6"/>
            <line number="291" hits="6"/>
            <line number="292" hits="6"/>
            <line number="293" hits="5"/>
            <line number="294" hits="5"/>
            <line number="295" hits="5"/>
            <line number="296" hits="5"/>
            <line number="306" hits="6"/>
            <line number="317" hits="7"/>
            <line number="319" hits="7"/>
            <line number="321" hits="7"/>
            <line number="326" hits="5"/>
            <line number="327" hits="5"/>
            <line number="328" hits="5"/>
            <line number="329" hits="5"/>
            <line number="330" hits="5"/>
            <line number="331" hits="5"/>
            <line number="332" hits="5"/>
            <line number="335" hits="5"/>
          </lines>
        </class>
      </classes>
    </package>
    <package name="ServiceProvider.php" line-rate="1" branch-rate="0" complexity="16">
      <classes>
        <class name="Playground\Stub\ServiceProvider" filename="ServiceProvider.php" line-rate="1" branch-rate="0" complexity="16">
          <methods>
            <method name="boot" signature="" line-rate="1" branch-rate="0" complexity="7">
              <lines>
                <line number="31" hits="10"/>
                <line number="33" hits="10"/>
                <line number="35" hits="10"/>
                <line number="36" hits="10"/>
                <line number="39" hits="10"/>
                <line number="40" hits="10"/>
                <line number="41" hits="10"/>
                <line number="42" hits="10"/>
                <line number="43" hits="10"/>
                <line number="46" hits="10"/>
                <line number="48" hits="10"/>
                <line number="49" hits="10"/>
                <line number="50" hits="10"/>
                <line number="54" hits="10"/>
                <line number="55" hits="10"/>
              </lines>
            </method>
            <method name="boot_commands" signature="" line-rate="1" branch-rate="0" complexity="1">
              <lines>
                <line number="64" hits="10"/>
                <line number="66" hits="10"/>
                <line number="67" hits="10"/>
                <line number="68" hits="10"/>
                <line number="69" hits="10"/>
                <line number="70" hits="10"/>
                <line number="71" hits="10"/>
                <line number="73" hits="10"/>
                <line number="74" hits="10"/>
                <line number="75" hits="10"/>
                <line number="76" hits="10"/>
                <line number="77" hits="10"/>
                <line number="78" hits="10"/>
                <line number="79" hits="10"/>
                <line number="81" hits="10"/>
                <line number="83" hits="10"/>
              </lines>
            </method>
            <method name="register" signature="" line-rate="1" branch-rate="0" complexity="1">
              <lines>
                <line number="91" hits="10"/>
                <line number="92" hits="10"/>
                <line number="93" hits="10"/>
                <line number="94" hits="10"/>
              </lines>
            </method>
            <method name="about" signature="" line-rate="1" branch-rate="0" complexity="6">
              <lines>
                <line number="99" hits="10"/>
                <line number="100" hits="10"/>
                <line number="102" hits="10"/>
                <line number="104" hits="10"/>
                <line number="106" hits="10"/>
                <line number="107" hits="10"/>
                <line number="108" hits="10"/>
                <line number="109" hits="10"/>
                <line number="110" hits="10"/>
                <line number="111" hits="10"/>
              </lines>
            </method>
            <method name="version" signature="" line-rate="1" branch-rate="0" complexity="1">
              <lines>
                <line number="116" hits="10"/>
              </lines>
            </method>
          </methods>
          <lines>
            <line number="31" hits="10"/>
            <line number="33" hits="10"/>
            <line number="35" hits="10"/>
            <line number="36" hits="10"/>
            <line number="39" hits="10"/>
            <line number="40" hits="10"/>
            <line number="41" hits="10"/>
            <line number="42" hits="10"/>
            <line number="43" hits="10"/>
            <line number="46" hits="10"/>
            <line number="48" hits="10"/>
            <line number="49" hits="10"/>
            <line number="50" hits="10"/>
            <line number="54" hits="10"/>
            <line number="55" hits="10"/>
            <line number="64" hits="10"/>
            <line number="66" hits="10"/>
            <line number="67" hits="10"/>
            <line number="68" hits="10"/>
            <line number="69" hits="10"/>
            <line number="70" hits="10"/>
            <line number="71" hits="10"/>
            <line number="73" hits="10"/>
            <line number="74" hits="10"/>
            <line number="75" hits="10"/>
            <line number="76" hits="10"/>
            <line number="77" hits="10"/>
            <line number="78" hits="10"/>
            <line number="79" hits="10"/>
            <line number="81" hits="10"/>
            <line number="83" hits="10"/>
            <line number="91" hits="10"/>
            <line number="92" hits="10"/>
            <line number="93" hits="10"/>
            <line number="94" hits="10"/>
            <line number="99" hits="10"/>
            <line number="100" hits="10"/>
            <line number="102" hits="10"/>
            <line number="104" hits="10"/>
            <line number="106" hits="10"/>
            <line number="107" hits="10"/>
            <line number="108" hits="10"/>
            <line number="109" hits="10"/>
            <line number="110" hits="10"/>
            <line number="111" hits="10"/>
            <line number="116" hits="10"/>
          </lines>
        </class>
      </classes>
    </package>
  </packages>
</coverage>
